Build started 3/11/2015 3:41:52 PM.
     1>Project "E:\Google Drive\Humber\GAME 353 - Shaders\OpenGL Framework\OpenGL Framework\OpenGL Framework.vcxproj" on node 2 (Build target(s)).
     1>ClCompile:
         C:\Program Files (x86)\Microsoft Visual Studio 12.0\VC\bin\CL.exe /c /I"E:\Program Files\glm" /I"E:\Program Files\OpenGL\include" /I"E:\Program Files\soil\Simple OpenGL Image Library\src" /ZI /nologo /W3 /WX- /sdl /Od /Oy- /D _MBCS /Gm /EHsc /RTC1 /MDd /GS /fp:precise /Zc:wchar_t /Zc:forScope /Fo"Debug\\" /Fd"Debug\vc120.pdb" /Gd /TP /analyze- /errorReport:prompt Assets.cpp Camera.cpp Engine.cpp Game.cpp GameObject.cpp Input.cpp Main.cpp Model.cpp QuadSphere.cpp Renderer.cpp Shader.cpp ShaderManager.cpp SimpleModel.cpp Skybox.cpp TestApp.cpp TextureManager.cpp
         TextureManager.cpp
         TestApp.cpp
         Skybox.cpp
         SimpleModel.cpp
         ShaderManager.cpp
         Shader.cpp
         Renderer.cpp
         QuadSphere.cpp
         Model.cpp
         Main.cpp
         Input.cpp
     1>e:\google drive\humber\game 353 - shaders\opengl framework\opengl framework\input.cpp(62): warning C4244: '=' : conversion from 'double' to 'float', possible loss of data
     1>e:\google drive\humber\game 353 - shaders\opengl framework\opengl framework\input.cpp(63): warning C4244: '=' : conversion from 'double' to 'float', possible loss of data
     1>e:\google drive\humber\game 353 - shaders\opengl framework\opengl framework\input.cpp(66): warning C4244: '=' : conversion from 'double' to 'float', possible loss of data
     1>e:\google drive\humber\game 353 - shaders\opengl framework\opengl framework\input.cpp(67): warning C4244: '=' : conversion from 'double' to 'float', possible loss of data
     1>e:\google drive\humber\game 353 - shaders\opengl framework\opengl framework\input.cpp(70): warning C4244: '=' : conversion from 'double' to 'float', possible loss of data
     1>e:\google drive\humber\game 353 - shaders\opengl framework\opengl framework\input.cpp(71): warning C4244: '=' : conversion from 'double' to 'float', possible loss of data
         GameObject.cpp
         Game.cpp
         Engine.cpp
         Camera.cpp
         GLM: perspective function taking degrees as a parameter is deprecated. #define GLM_FORCE_RADIANS before including GLM headers to remove this message.
         GLM: rotateY function taking degrees as parameters is deprecated. #define GLM_FORCE_RADIANS before including GLM headers to remove this message.
         GLM: rotate function taking degrees as a parameter is deprecated. #define GLM_FORCE_RADIANS before including GLM headers to remove this message.
         Assets.cpp
         Generating Code...
       Link:
         C:\Program Files (x86)\Microsoft Visual Studio 12.0\VC\bin\link.exe /ERRORREPORT:PROMPT /OUT:"E:\Google Drive\Humber\GAME 353 - Shaders\OpenGL Framework\Debug\OpenGL Framework.exe" /INCREMENTAL /NOLOGO /LIBPATH:"E:\Program Files\soil\Simple OpenGL Image Library\lib" /LIBPATH:"E:\Program Files\OpenGL\lib" glfw3.lib opengl32.lib glew32s.lib SOIL.lib kernel32.lib user32.lib gdi32.lib winspool.lib comdlg32.lib advapi32.lib shell32.lib ole32.lib oleaut32.lib uuid.lib odbc32.lib odbccp32.lib /MANIFEST /MANIFESTUAC:"level='asInvoker' uiAccess='false'" /manifest:embed /DEBUG /PDB:"E:\Google Drive\Humber\GAME 353 - Shaders\OpenGL Framework\Debug\OpenGL Framework.pdb" /TLBID:1 /DYNAMICBASE /NXCOMPAT /IMPLIB:"E:\Google Drive\Humber\GAME 353 - Shaders\OpenGL Framework\Debug\OpenGL Framework.lib" /MACHINE:X86 Debug\Assets.obj
         Debug\Camera.obj
         Debug\Engine.obj
         Debug\Game.obj
         Debug\GameObject.obj
         Debug\Input.obj
         Debug\Main.obj
         Debug\Model.obj
         Debug\QuadSphere.obj
         Debug\Renderer.obj
         Debug\Shader.obj
         Debug\ShaderManager.obj
         Debug\SimpleModel.obj
         Debug\Skybox.obj
         Debug\TestApp.obj
         Debug\TextureManager.obj
         LINK : E:\Google Drive\Humber\GAME 353 - Shaders\OpenGL Framework\Debug\OpenGL Framework.exe not found or not built by the last incremental link; performing full link
     1>LINK : warning LNK4098: defaultlib 'MSVCRT' conflicts with use of other libs; use /NODEFAULTLIB:library
     1>LINK : warning LNK4098: defaultlib 'LIBCMT' conflicts with use of other libs; use /NODEFAULTLIB:library
     1>Skybox.obj : warning LNK4049: locally defined symbol ___glewBindBuffer imported
     1>Skybox.obj : warning LNK4049: locally defined symbol ___glewBufferData imported
     1>Skybox.obj : warning LNK4049: locally defined symbol ___glewGenBuffers imported
     1>Skybox.obj : warning LNK4049: locally defined symbol ___glewEnableVertexAttribArray imported
     1>Skybox.obj : warning LNK4049: locally defined symbol ___glewGetUniformLocation imported
     1>Skybox.obj : warning LNK4049: locally defined symbol ___glewUniform1i imported
     1>Skybox.obj : warning LNK4049: locally defined symbol ___glewUniformMatrix4fv imported
     1>Skybox.obj : warning LNK4049: locally defined symbol ___glewVertexAttribPointer imported
     1>Skybox.obj : warning LNK4049: locally defined symbol ___glewBindVertexArray imported
     1>Skybox.obj : warning LNK4049: locally defined symbol ___glewGenVertexArrays imported
     1>TextureManager.obj : warning LNK4049: locally defined symbol ___glewGenerateMipmap imported
     1>glew32s.lib(glew.obj) : warning LNK4099: PDB 'vc120.pdb' was not found with 'glew32s.lib(glew.obj)' or at 'E:\Google Drive\Humber\GAME 353 - Shaders\OpenGL Framework\Debug\vc120.pdb'; linking object as if no debug info
     1>SOIL.lib(image_DXT.obj) : warning LNK4099: PDB 'vc120.pdb' was not found with 'SOIL.lib(image_DXT.obj)' or at 'E:\Google Drive\Humber\GAME 353 - Shaders\OpenGL Framework\Debug\vc120.pdb'; linking object as if no debug info
     1>SOIL.lib(image_helper.obj) : warning LNK4099: PDB 'vc120.pdb' was not found with 'SOIL.lib(image_helper.obj)' or at 'E:\Google Drive\Humber\GAME 353 - Shaders\OpenGL Framework\Debug\vc120.pdb'; linking object as if no debug info
     1>SOIL.lib(SOIL.obj) : warning LNK4099: PDB 'vc120.pdb' was not found with 'SOIL.lib(SOIL.obj)' or at 'E:\Google Drive\Humber\GAME 353 - Shaders\OpenGL Framework\Debug\vc120.pdb'; linking object as if no debug info
     1>SOIL.lib(stb_image_aug.obj) : warning LNK4099: PDB 'vc120.pdb' was not found with 'SOIL.lib(stb_image_aug.obj)' or at 'E:\Google Drive\Humber\GAME 353 - Shaders\OpenGL Framework\Debug\vc120.pdb'; linking object as if no debug info
         OpenGL Framework.vcxproj -> E:\Google Drive\Humber\GAME 353 - Shaders\OpenGL Framework\Debug\OpenGL Framework.exe
     1>Done Building Project "E:\Google Drive\Humber\GAME 353 - Shaders\OpenGL Framework\OpenGL Framework\OpenGL Framework.vcxproj" (Build target(s)).

Build succeeded.

Time Elapsed 00:00:12.15
